<?xml version="1.0" encoding="UTF-8"?><testrun name="MainRunner" project="CucumberFramework" tests="7" started="0" failures="0" errors="1" ignored="0">
  <testsuite name="CucumberFramework.runner.MainRunner" incomplete="true">
    <error>cucumber.runtime.CucumberException: Only one formatter can use STDOUT, now both pretty and json use it. If you use more than one formatter you must specify output path with PLUGIN:PATH_OR_URL&#13;
	at cucumber.runtime.formatter.PluginFactory.defaultOutOrFailIfAlreadyUsed(PluginFactory.java:185)&#13;
	at cucumber.runtime.formatter.PluginFactory.convertOrNull(PluginFactory.java:144)&#13;
	at cucumber.runtime.formatter.PluginFactory.instantiate(PluginFactory.java:99)&#13;
	at cucumber.runtime.formatter.PluginFactory.create(PluginFactory.java:87)&#13;
	at cucumber.runtime.RuntimeOptions.getPlugins(RuntimeOptions.java:245)&#13;
	at cucumber.runtime.RuntimeOptions$1.invoke(RuntimeOptions.java:291)&#13;
	at com.sun.proxy.$Proxy16.uri(Unknown Source)&#13;
	at cucumber.runtime.junit.JUnitReporter.uri(JUnitReporter.java:179)&#13;
	at cucumber.runtime.junit.FeatureRunner.run(FeatureRunner.java:68)&#13;
	at cucumber.api.junit.Cucumber.runChild(Cucumber.java:95)&#13;
	at cucumber.api.junit.Cucumber.runChild(Cucumber.java:38)&#13;
	at org.junit.runners.ParentRunner$3.run(ParentRunner.java:290)&#13;
	at org.junit.runners.ParentRunner$1.schedule(ParentRunner.java:71)&#13;
	at org.junit.runners.ParentRunner.runChildren(ParentRunner.java:288)&#13;
	at org.junit.runners.ParentRunner.access$000(ParentRunner.java:58)&#13;
	at org.junit.runners.ParentRunner$2.evaluate(ParentRunner.java:268)&#13;
	at org.junit.runners.ParentRunner.run(ParentRunner.java:363)&#13;
	at cucumber.api.junit.Cucumber.run(Cucumber.java:100)&#13;
	at org.eclipse.jdt.internal.junit4.runner.JUnit4TestReference.run(JUnit4TestReference.java:86)&#13;
	at org.eclipse.jdt.internal.junit.runner.TestExecution.run(TestExecution.java:38)&#13;
	at org.eclipse.jdt.internal.junit.runner.RemoteTestRunner.runTests(RemoteTestRunner.java:538)&#13;
	at org.eclipse.jdt.internal.junit.runner.RemoteTestRunner.runTests(RemoteTestRunner.java:760)&#13;
	at org.eclipse.jdt.internal.junit.runner.RemoteTestRunner.run(RemoteTestRunner.java:460)&#13;
	at org.eclipse.jdt.internal.junit.runner.RemoteTestRunner.main(RemoteTestRunner.java:206)&#13;
&#13;
</error>
    <testsuite name="Feature: Login into consumer account" incomplete="true">
      <testsuite name="Scenario: Login into consumer account with correct details" incomplete="true">
        <testcase name="Given Consumer navigates to kaodim website" classname="Scenario: Login into consumer account with correct details" incomplete="true"/>
        <testcase name="When Consumer clicks on Login button on Homepage" classname="Scenario: Login into consumer account with correct details" incomplete="true"/>
        <testcase name="And Consumer enters a valid username" classname="Scenario: Login into consumer account with correct details" incomplete="true"/>
        <testcase name="And Consumer clicks on Next" classname="Scenario: Login into consumer account with correct details" incomplete="true"/>
        <testcase name="And Consumer enters a valid password" classname="Scenario: Login into consumer account with correct details" incomplete="true"/>
        <testcase name="And Consumer clicks on Next" classname="Scenario: Login into consumer account with correct details" incomplete="true"/>
        <testcase name="Then Consumer should be able to successful Login" classname="Scenario: Login into consumer account with correct details" incomplete="true"/>
      </testsuite>
    </testsuite>
  </testsuite>
</testrun>
